0 info it worked if it ends with ok
1 verbose cli [ 'C:\\Program Files\\nodejs\\node.exe',
1 verbose cli   'C:\\Program Files\\nodejs\\node_modules\\npm\\bin\\npm-cli.js',
1 verbose cli   'install',
1 verbose cli   'redis-store' ]
2 info using npm@2.15.9
3 info using node@v4.5.0
4 verbose install initial load of C:\Users\nkudren\Desktop\Projects\circle\package.json
5 warn package.json express-parameters@ No description
6 warn package.json express-parameters@ No repository field.
7 warn package.json express-parameters@ No README data
8 warn package.json express-parameters@ No license field.
9 verbose installManyTop reading scoped package data from C:\Users\nkudren\Desktop\Projects\circle\node_modules\body-parser\package.json
10 verbose installManyTop reading scoped package data from C:\Users\nkudren\Desktop\Projects\circle\node_modules\express\package.json
11 verbose installManyTop reading scoped package data from C:\Users\nkudren\Desktop\Projects\circle\node_modules\formidable\package.json
12 verbose installManyTop reading scoped package data from C:\Users\nkudren\Desktop\Projects\circle\node_modules\fs\package.json
13 verbose installManyTop reading scoped package data from C:\Users\nkudren\Desktop\Projects\circle\node_modules\jquery-emoji-picker\package.json
14 verbose installManyTop reading scoped package data from C:\Users\nkudren\Desktop\Projects\circle\node_modules\mongoose\package.json
15 verbose installManyTop reading scoped package data from C:\Users\nkudren\Desktop\Projects\circle\node_modules\multer\package.json
16 verbose installManyTop reading scoped package data from C:\Users\nkudren\Desktop\Projects\circle\node_modules\node-fetch\package.json
17 verbose installManyTop reading scoped package data from C:\Users\nkudren\Desktop\Projects\circle\node_modules\node-uuid\package.json
18 verbose installManyTop reading scoped package data from C:\Users\nkudren\Desktop\Projects\circle\node_modules\path\package.json
19 verbose installManyTop reading scoped package data from C:\Users\nkudren\Desktop\Projects\circle\node_modules\redis\package.json
20 verbose installManyTop reading scoped package data from C:\Users\nkudren\Desktop\Projects\circle\node_modules\redis-store\package.json
21 verbose installManyTop reading scoped package data from C:\Users\nkudren\Desktop\Projects\circle\node_modules\socket.io\package.json
22 verbose installManyTop reading scoped package data from C:\Users\nkudren\Desktop\Projects\circle\node_modules\socket.io-stream\package.json
23 info package.json node-uuid@1.4.7 No license field.
24 info package.json jquery-emoji-picker@0.2.0 No README data
25 info package.json path@0.12.7 path is also the name of a node core module.
26 info package.json fs@0.0.1-security fs is also the name of a node core module.
27 info package.json socket.io-stream@0.9.1 No license field.
28 verbose readDependencies loading dependencies from C:\Users\nkudren\Desktop\Projects\circle\package.json
29 verbose install redis-store is installed as 0.0.0
30 silly cache add args [ 'redis-store', null ]
31 verbose cache add spec redis-store
32 silly cache add parsed spec Result {
32 silly cache add   raw: 'redis-store',
32 silly cache add   scope: null,
32 silly cache add   name: 'redis-store',
32 silly cache add   rawSpec: '',
32 silly cache add   spec: 'latest',
32 silly cache add   type: 'tag' }
33 silly addNamed redis-store@latest
34 verbose addNamed "latest" is being treated as a dist-tag for redis-store
35 info addNameTag [ 'redis-store', 'latest' ]
36 silly mapToRegistry name redis-store
37 silly mapToRegistry using default registry
38 silly mapToRegistry registry https://registry.npmjs.org/
39 silly mapToRegistry data Result {
39 silly mapToRegistry   raw: 'redis-store',
39 silly mapToRegistry   scope: null,
39 silly mapToRegistry   name: 'redis-store',
39 silly mapToRegistry   rawSpec: '',
39 silly mapToRegistry   spec: 'latest',
39 silly mapToRegistry   type: 'tag' }
40 silly mapToRegistry uri https://registry.npmjs.org/redis-store
41 verbose addNameTag registry:https://registry.npmjs.org/redis-store not in flight; fetching
42 verbose request uri https://registry.npmjs.org/redis-store
43 verbose request no auth needed
44 info attempt registry request try #1 at 9:58:05 AM
45 verbose request id b1419a31ba227194
46 verbose etag W/"5323c85f-bd4"
47 verbose lastModified Sat, 15 Mar 2014 03:26:23 GMT
48 http request GET https://registry.npmjs.org/redis-store
49 http 304 https://registry.npmjs.org/redis-store
50 verbose headers { date: 'Thu, 26 Jan 2017 09:58:05 GMT',
50 verbose headers   via: '1.1 varnish',
50 verbose headers   'cache-control': 'max-age=300',
50 verbose headers   etag: 'W/"5323c85f-bd4"',
50 verbose headers   age: '13',
50 verbose headers   connection: 'keep-alive',
50 verbose headers   'x-served-by': 'cache-lcy1124-LCY',
50 verbose headers   'x-cache': 'HIT',
50 verbose headers   'x-cache-hits': '1',
50 verbose headers   'x-timer': 'S1485424685.584787,VS0,VE0',
50 verbose headers   vary: 'Accept-Encoding' }
51 silly get cb [ 304,
51 silly get   { date: 'Thu, 26 Jan 2017 09:58:05 GMT',
51 silly get     via: '1.1 varnish',
51 silly get     'cache-control': 'max-age=300',
51 silly get     etag: 'W/"5323c85f-bd4"',
51 silly get     age: '13',
51 silly get     connection: 'keep-alive',
51 silly get     'x-served-by': 'cache-lcy1124-LCY',
51 silly get     'x-cache': 'HIT',
51 silly get     'x-cache-hits': '1',
51 silly get     'x-timer': 'S1485424685.584787,VS0,VE0',
51 silly get     vary: 'Accept-Encoding' } ]
52 verbose etag https://registry.npmjs.org/redis-store from cache
53 verbose get saving redis-store to C:\Users\nkudren\AppData\Roaming\npm-cache\registry.npmjs.org\redis-store\.cache.json
54 verbose correctMkdir C:\Users\nkudren\AppData\Roaming\npm-cache correctMkdir not in flight; initializing
55 silly addNameTag next cb for redis-store with tag latest
56 silly addNamed redis-store@0.0.0
57 verbose addNamed "0.0.0" is a plain semver version for redis-store
58 silly cache afterAdd redis-store@0.0.0
59 verbose afterAdd C:\Users\nkudren\AppData\Roaming\npm-cache\redis-store\0.0.0\package\package.json not in flight; writing
60 verbose correctMkdir C:\Users\nkudren\AppData\Roaming\npm-cache correctMkdir not in flight; initializing
61 verbose afterAdd C:\Users\nkudren\AppData\Roaming\npm-cache\redis-store\0.0.0\package\package.json written
62 silly install resolved [ { name: 'redis-store',
62 silly install resolved     version: '0.0.0',
62 silly install resolved     description: 'Store plugin to map store with redis hashkey',
62 silly install resolved     main: 'index.js',
62 silly install resolved     scripts: { test: 'mocha' },
62 silly install resolved     repository: { type: 'git', url: 'git://github.com/bredele/store-redis.git' },
62 silly install resolved     keywords: [ 'store', 'redis', 'hashkey', 'key' ],
62 silly install resolved     author:
62 silly install resolved      { name: 'Olivier Wietrich',
62 silly install resolved        email: 'olivier.wietrich@gmail.com',
62 silly install resolved        url: 'http://github.com/bredele' },
62 silly install resolved     license: 'MIT',
62 silly install resolved     bugs: { url: 'https://github.com/bredele/store-redis/issues' },
62 silly install resolved     dependencies: { redis: '~0.10.1', 'store-component': '~0.1.5' },
62 silly install resolved     devDependencies: { mocha: '~1.18.0' },
62 silly install resolved     _id: 'redis-store@0.0.0',
62 silly install resolved     dist:
62 silly install resolved      { shasum: '541e6d3371e8b142c248967a7cff926f0e4bd8d2',
62 silly install resolved        tarball: 'https://registry.npmjs.org/redis-store/-/redis-store-0.0.0.tgz' },
62 silly install resolved     _from: 'redis-store@latest',
62 silly install resolved     _npmVersion: '1.3.11',
62 silly install resolved     _npmUser: { name: 'bredele', email: 'olivier.wietrich@gmail.com' },
62 silly install resolved     maintainers: [ [Object] ],
62 silly install resolved     directories: {},
62 silly install resolved     _shasum: '541e6d3371e8b142c248967a7cff926f0e4bd8d2',
62 silly install resolved     _resolved: 'https://registry.npmjs.org/redis-store/-/redis-store-0.0.0.tgz',
62 silly install resolved     readme: 'ERROR: No README data found!',
62 silly install resolved     homepage: 'https://github.com/bredele/store-redis#readme' } ]
63 info install redis-store@0.0.0 into C:\Users\nkudren\Desktop\Projects\circle
64 info installOne redis-store@0.0.0
65 verbose installOne of redis-store to C:\Users\nkudren\Desktop\Projects\circle not in flight; installing
66 verbose correctMkdir C:\Users\nkudren\AppData\Roaming\npm-cache\_locks correctMkdir not in flight; initializing
67 verbose lock using C:\Users\nkudren\AppData\Roaming\npm-cache\_locks\redis-store-7c1e1b26009c9454.lock for C:\Users\nkudren\Desktop\Projects\circle\node_modules\redis-store
68 silly install write writing redis-store 0.0.0 to C:\Users\nkudren\Desktop\Projects\circle\node_modules\redis-store
69 verbose unbuild node_modules\redis-store
70 info preuninstall redis-store@0.0.0
71 info uninstall redis-store@0.0.0
72 verbose unbuild rmStuff redis-store@0.0.0 from C:\Users\nkudren\Desktop\Projects\circle\node_modules
73 info postuninstall redis-store@0.0.0
74 silly gentlyRm C:\Users\nkudren\Desktop\Projects\circle\node_modules\redis-store is being purged from base C:\Users\nkudren\Desktop\Projects\circle
75 verbose gentlyRm don't care about contents; nuking C:\Users\nkudren\Desktop\Projects\circle\node_modules\redis-store
76 silly vacuum-fs purging C:\Users\nkudren\Desktop\Projects\circle\node_modules\redis-store
77 silly vacuum-fs quitting because other entries in C:\Users\nkudren\Desktop\Projects\circle\node_modules
78 verbose tar unpack C:\Users\nkudren\AppData\Roaming\npm-cache\redis-store\0.0.0\package.tgz
79 verbose tar unpacking to C:\Users\nkudren\Desktop\Projects\circle\node_modules\redis-store
80 silly gentlyRm C:\Users\nkudren\Desktop\Projects\circle\node_modules\redis-store is being purged
81 verbose gentlyRm don't care about contents; nuking C:\Users\nkudren\Desktop\Projects\circle\node_modules\redis-store
82 silly gunzTarPerm modes [ '777', '666' ]
83 silly gunzTarPerm extractEntry package.json
84 silly gunzTarPerm modified mode [ 'package.json', 420, 438 ]
85 silly gunzTarPerm extractEntry .npmignore
86 silly gunzTarPerm modified mode [ '.npmignore', 420, 438 ]
87 silly gunzTarPerm extractEntry index.js
88 silly gunzTarPerm modified mode [ 'index.js', 420, 438 ]
89 silly gunzTarPerm extractEntry History.md
90 silly gunzTarPerm modified mode [ 'History.md', 420, 438 ]
91 silly gunzTarPerm extractEntry Makefile
92 silly gunzTarPerm modified mode [ 'Makefile', 420, 438 ]
93 silly gunzTarPerm extractEntry Readme.md
94 silly gunzTarPerm modified mode [ 'Readme.md', 420, 438 ]
95 silly gunzTarPerm extractEntry component.json
96 silly gunzTarPerm modified mode [ 'component.json', 420, 438 ]
97 silly gunzTarPerm extractEntry test/redis.js
98 silly gunzTarPerm modified mode [ 'test/redis.js', 420, 438 ]
99 verbose write writing to C:\Users\nkudren\Desktop\Projects\circle\node_modules\redis-store\package.json
100 info preinstall redis-store@0.0.0
101 verbose readDependencies loading dependencies from C:\Users\nkudren\Desktop\Projects\circle\node_modules\redis-store\package.json
102 silly prepareForInstallMany adding redis@~0.10.1 from redis-store dependencies
103 silly prepareForInstallMany adding store-component@~0.1.5 from redis-store dependencies
104 verbose readDependencies loading dependencies from C:\Users\nkudren\Desktop\Projects\circle\node_modules\redis-store\package.json
105 silly cache add args [ 'redis@~0.10.1', null ]
106 verbose cache add spec redis@~0.10.1
107 silly cache add args [ 'store-component@~0.1.5', null ]
108 verbose cache add spec store-component@~0.1.5
109 silly cache add parsed spec Result {
109 silly cache add   raw: 'redis@~0.10.1',
109 silly cache add   scope: null,
109 silly cache add   name: 'redis',
109 silly cache add   rawSpec: '~0.10.1',
109 silly cache add   spec: '>=0.10.1 <0.11.0',
109 silly cache add   type: 'range' }
110 silly addNamed redis@>=0.10.1 <0.11.0
111 verbose addNamed ">=0.10.1 <0.11.0" is a valid semver range for redis
112 silly addNameRange { name: 'redis', range: '>=0.10.1 <0.11.0', hasData: false }
113 silly mapToRegistry name redis
114 silly mapToRegistry using default registry
115 silly mapToRegistry registry https://registry.npmjs.org/
116 silly mapToRegistry data Result {
116 silly mapToRegistry   raw: 'redis',
116 silly mapToRegistry   scope: null,
116 silly mapToRegistry   name: 'redis',
116 silly mapToRegistry   rawSpec: '',
116 silly mapToRegistry   spec: 'latest',
116 silly mapToRegistry   type: 'tag' }
117 silly mapToRegistry uri https://registry.npmjs.org/redis
118 verbose addNameRange registry:https://registry.npmjs.org/redis not in flight; fetching
119 silly cache add parsed spec Result {
119 silly cache add   raw: 'store-component@~0.1.5',
119 silly cache add   scope: null,
119 silly cache add   name: 'store-component',
119 silly cache add   rawSpec: '~0.1.5',
119 silly cache add   spec: '>=0.1.5 <0.2.0',
119 silly cache add   type: 'range' }
120 silly addNamed store-component@>=0.1.5 <0.2.0
121 verbose addNamed ">=0.1.5 <0.2.0" is a valid semver range for store-component
122 silly addNameRange { name: 'store-component',
122 silly addNameRange   range: '>=0.1.5 <0.2.0',
122 silly addNameRange   hasData: false }
123 silly mapToRegistry name store-component
124 silly mapToRegistry using default registry
125 silly mapToRegistry registry https://registry.npmjs.org/
126 silly mapToRegistry data Result {
126 silly mapToRegistry   raw: 'store-component',
126 silly mapToRegistry   scope: null,
126 silly mapToRegistry   name: 'store-component',
126 silly mapToRegistry   rawSpec: '',
126 silly mapToRegistry   spec: 'latest',
126 silly mapToRegistry   type: 'tag' }
127 silly mapToRegistry uri https://registry.npmjs.org/store-component
128 verbose addNameRange registry:https://registry.npmjs.org/store-component not in flight; fetching
129 verbose request uri https://registry.npmjs.org/store-component
130 verbose request no auth needed
131 info attempt registry request try #1 at 9:58:53 AM
132 verbose etag W/"532f7706-2d3"
133 verbose lastModified Mon, 24 Mar 2014 00:06:30 GMT
134 http request GET https://registry.npmjs.org/store-component
135 verbose request uri https://registry.npmjs.org/redis
136 verbose request no auth needed
137 info attempt registry request try #1 at 9:58:53 AM
138 verbose etag W/"587cf635-261b1"
139 verbose lastModified Mon, 16 Jan 2017 16:35:01 GMT
140 http request GET https://registry.npmjs.org/redis
141 http 304 https://registry.npmjs.org/store-component
142 verbose headers { date: 'Thu, 26 Jan 2017 09:58:53 GMT',
142 verbose headers   via: '1.1 varnish',
142 verbose headers   'cache-control': 'max-age=300',
142 verbose headers   etag: 'W/"532f7706-2d3"',
142 verbose headers   age: '60',
142 verbose headers   connection: 'keep-alive',
142 verbose headers   'x-served-by': 'cache-lcy1124-LCY',
142 verbose headers   'x-cache': 'HIT',
142 verbose headers   'x-cache-hits': '1',
142 verbose headers   'x-timer': 'S1485424733.302762,VS0,VE0',
142 verbose headers   vary: 'Accept-Encoding' }
143 silly get cb [ 304,
143 silly get   { date: 'Thu, 26 Jan 2017 09:58:53 GMT',
143 silly get     via: '1.1 varnish',
143 silly get     'cache-control': 'max-age=300',
143 silly get     etag: 'W/"532f7706-2d3"',
143 silly get     age: '60',
143 silly get     connection: 'keep-alive',
143 silly get     'x-served-by': 'cache-lcy1124-LCY',
143 silly get     'x-cache': 'HIT',
143 silly get     'x-cache-hits': '1',
143 silly get     'x-timer': 'S1485424733.302762,VS0,VE0',
143 silly get     vary: 'Accept-Encoding' } ]
144 verbose etag https://registry.npmjs.org/store-component from cache
145 verbose get saving store-component to C:\Users\nkudren\AppData\Roaming\npm-cache\registry.npmjs.org\store-component\.cache.json
146 verbose correctMkdir C:\Users\nkudren\AppData\Roaming\npm-cache correctMkdir not in flight; initializing
147 silly addNameRange number 2 { name: 'store-component',
147 silly addNameRange   range: '>=0.1.5 <0.2.0',
147 silly addNameRange   hasData: true }
148 silly addNameRange versions [ 'store-component', [] ]
149 verbose stack TypeError: Cannot read property 'latest' of undefined
149 verbose stack     at next (C:\Program Files\nodejs\node_modules\npm\lib\cache\add-named.js:248:35)
149 verbose stack     at setData (C:\Program Files\nodejs\node_modules\npm\lib\cache\add-named.js:236:5)
149 verbose stack     at RES (C:\Program Files\nodejs\node_modules\npm\node_modules\inflight\inflight.js:23:14)
149 verbose stack     at f (C:\Program Files\nodejs\node_modules\npm\node_modules\once\once.js:17:25)
149 verbose stack     at fixName (C:\Program Files\nodejs\node_modules\npm\lib\cache\add-named.js:29:5)
149 verbose stack     at saved (C:\Program Files\nodejs\node_modules\npm\lib\cache\caching-client.js:173:7)
149 verbose stack     at C:\Program Files\nodejs\node_modules\npm\node_modules\graceful-fs\polyfills.js:210:7
149 verbose stack     at FSReqWrap.oncomplete (fs.js:82:15)
150 verbose cwd C:\Users\nkudren\Desktop\Projects\circle
151 error Windows_NT 10.0.14393
152 error argv "C:\\Program Files\\nodejs\\node.exe" "C:\\Program Files\\nodejs\\node_modules\\npm\\bin\\npm-cli.js" "install" "redis-store"
153 error node v4.5.0
154 error npm  v2.15.9
155 error Cannot read property 'latest' of undefined
156 error If you need help, you may report this error at:
156 error     <https://github.com/npm/npm/issues>
157 verbose exit [ 1, true ]
